$ python -m pytest test_one_hot_encoder_pytest.py
========================================================================================================= test session starts ==========================================================================================================
platform linux -- Python 3.8.10, pytest-7.2.0, pluggy-1.0.0
rootdir: /home/kseniya/PycharmProjects/pythonProject/venv
plugins: cov-4.0.0
collected 4 items                                                                                                                                                                                                                      

test_one_hot_encoder_pytest.py ....                                                                                                                                                                                              [100%]

========================================================================================================== 4 passed in 0.03s ===========================================================================================================

